<?xml version="1.0" encoding="UTF-8"?>
<testng-results skipped="0" failed="0" ignored="0" total="1" passed="1">
  <reporter-output>
  </reporter-output>
  <suite name="testPro" duration-ms="20" started-at="2022-11-28T13:09:05 MEZ" finished-at="2022-11-28T13:09:05 MEZ">
    <groups>
    </groups>
    <test name="test1" duration-ms="20" started-at="2022-11-28T13:09:05 MEZ" finished-at="2022-11-28T13:09:05 MEZ">
      <class name="jenkins.TestJenkins">
        <test-method status="PASS" signature="test1()[pri:0, instance:jenkins.TestJenkins@394e1a0f]" name="test1" duration-ms="2" started-at="2022-11-28T13:09:05 MEZ" finished-at="2022-11-28T13:09:05 MEZ">
          <reporter-output>
          </reporter-output>
        </test-method> <!-- test1 -->
      </class> <!-- jenkins.TestJenkins -->
    </test> <!-- test1 -->
  </suite> <!-- testPro -->
</testng-results>
